Line 72: Class MSAdodcLib.Adodc of control Adodc1 was not a loaded control class.
Line 160: Class MSDataGridLib.DataGrid of control DataGrid1 was not a loaded control class.
Line 77: The property name _ExtentX in Adodc1 is invalid.
Line 78: The property name _ExtentY in Adodc1 is invalid.
Line 79: The property name ConnectMode in Adodc1 is invalid.
Line 80: The property name CursorLocation in Adodc1 is invalid.
Line 81: The property name IsolationLevel in Adodc1 is invalid.
Line 82: The property name ConnectionTimeout in Adodc1 is invalid.
Line 83: The property name CommandTimeout in Adodc1 is invalid.
Line 84: The property name CursorType in Adodc1 is invalid.
Line 85: The property name LockType in Adodc1 is invalid.
Line 86: The property name CommandType in Adodc1 is invalid.
Line 87: The property name CursorOptions in Adodc1 is invalid.
Line 88: The property name CacheSize in Adodc1 is invalid.
Line 89: The property name MaxRecords in Adodc1 is invalid.
Line 90: The property name BOFAction in Adodc1 is invalid.
Line 91: The property name EOFAction in Adodc1 is invalid.
Line 92: The property name ConnectStringType in Adodc1 is invalid.
Line 96: The property name Orientation in Adodc1 is invalid.
Line 98: The property name Connect in Adodc1 is invalid.
Line 99: The property name OLEDBString in Adodc1 is invalid.
Line 100: The property name OLEDBFile in Adodc1 is invalid.
Line 101: The property name DataSourceName in Adodc1 is invalid.
Line 102: The property name OtherAttributes in Adodc1 is invalid.
Line 103: The property name UserName in Adodc1 is invalid.
Line 104: The property name Password in Adodc1 is invalid.
Line 105: The property name RecordSource in Adodc1 is invalid.
Line 106: The property name Caption in Adodc1 is invalid.
Line 116: The property name _Version in Adodc1 is invalid.
Line 161: The property name Bindings in DataGrid1 is invalid.
Line 167: The property name _ExtentX in DataGrid1 is invalid.
Line 168: The property name _ExtentY in DataGrid1 is invalid.
Line 169: The property name _Version in DataGrid1 is invalid.
Line 171: The property name HeadLines in DataGrid1 is invalid.
Line 172: The property name RowHeight in DataGrid1 is invalid.
Line 181: The property name HeadFont in DataGrid1 is invalid.
Line 191: The property name ColumnCount in DataGrid1 is invalid.
Line 204: The property name Column00 in DataGrid1 is invalid.
Line 217: The property name Column01 in DataGrid1 is invalid.
Line 218: The property name SplitCount in DataGrid1 is invalid.
Line 224: The property name Split0 in DataGrid1 is invalid.
